
━━━━━━━━━━━━━━━━━━━━━━━━━━━━━━━━━━━━━━━━━━━━━━━━━━━━━━━━━━
  Round 1 / 4: AR-001,AR-002,AR-003,AR-004,AR-005,AR-006,AR-007,AR-008,AR-009,AR-010,AR-011
━━━━━━━━━━━━━━━━━━━━━━━━━━━━━━━━━━━━━━━━━━━━━━━━━━━━━━━━━━
  [Guard] Enforcing Session Isolation for opencode-cli...
  [Gate] Base LOC before Implementation: 0
  [round1_planning] Executing opencode-cli ...
  [round1_planning] Completed in 265s.
  [round1_implementation] Executing opencode-cli ...
  [round1_implementation] Completed in 600s.
  [Gate] LOC Delta after Implementation: 2571 lines.
  [Gate] Verification Passed: Output is realistic.
  [round1_verify] Executing opencode-cli ...
  [round1_verify] Completed in 600s.

━━━━━━━━━━━━━━━━━━━━━━━━━━━━━━━━━━━━━━━━━━━━━━━━━━━━━━━━━━
  Round 2 / 4: AR-012,AR-013,AR-014,AR-015,AR-016,AR-017,AR-018,AR-019,AR-020,AR-021,AR-022
━━━━━━━━━━━━━━━━━━━━━━━━━━━━━━━━━━━━━━━━━━━━━━━━━━━━━━━━━━
  [Guard] Enforcing Session Isolation for opencode-cli...
  [Gate] Base LOC before Implementation: 3733
  [round2_planning] Executing opencode-cli ...
  [round2_planning] Completed in 39s.
  [round2_implementation] Executing opencode-cli ...
  [round2_implementation] Completed in 39s.
  [Gate] LOC Delta after Implementation: 0 lines.
  [⚠ CRITICAL GUARD] Zero or near-zero code output detected (Delta: 0)!
  Triggering Penalty Nudge to force rewrite...
  [round2_implementation_retry] Executing opencode-cli ...
  [round2_implementation_retry] Completed in 86s.
  [Gate] LOC Delta after Penalty Retry: 0 lines.
  [round2_verify] Executing opencode-cli ...
  [round2_verify] Completed in 51s.

━━━━━━━━━━━━━━━━━━━━━━━━━━━━━━━━━━━━━━━━━━━━━━━━━━━━━━━━━━
  Round 3 / 4: AR-023,AR-024,AR-025,AR-026,AR-027,AR-028,AR-029,AR-030,AR-031,AR-032,AR-033
━━━━━━━━━━━━━━━━━━━━━━━━━━━━━━━━━━━━━━━━━━━━━━━━━━━━━━━━━━
  [Guard] Enforcing Session Isolation for opencode-cli...
  [Gate] Base LOC before Implementation: 3733
  [round3_planning] Executing opencode-cli ...
  [round3_planning] Completed in 464s.
  [round3_implementation] Executing opencode-cli ...
  [round3_implementation] Completed in 600s.
  [Gate] LOC Delta after Implementation: 870 lines.
  [Gate] Verification Passed: Output is realistic.
  [round3_verify] Executing opencode-cli ...
  [round3_verify] Completed in 600s.

━━━━━━━━━━━━━━━━━━━━━━━━━━━━━━━━━━━━━━━━━━━━━━━━━━━━━━━━━━
  Round 4 / 4: AR-034,AR-035,AR-036,AR-037,AR-038,AR-039,AR-040,AR-041,AR-042,AR-043
━━━━━━━━━━━━━━━━━━━━━━━━━━━━━━━━━━━━━━━━━━━━━━━━━━━━━━━━━━
  [Guard] Enforcing Session Isolation for opencode-cli...
  [Gate] Base LOC before Implementation: 4976
  [round4_planning] Executing opencode-cli ...
  [round4_planning] Completed in 115s.
  [round4_implementation] Executing opencode-cli ...
  [round4_implementation] Completed in 139s.
  [Gate] LOC Delta after Implementation: 0 lines.
  [⚠ CRITICAL GUARD] Zero or near-zero code output detected (Delta: 0)!
  Triggering Penalty Nudge to force rewrite...
  [round4_implementation_retry] Executing opencode-cli ...
  [round4_implementation_retry] Completed in 103s.
  [Gate] LOC Delta after Penalty Retry: 0 lines.
  [round4_verify] Executing opencode-cli ...
  [round4_verify] Completed in 600s.

╔══════════════════════════════════════════════════════════╗
║  V3 REALISM-GUARD EVALUATION COMPLETE                    ║
╚══════════════════════════════════════════════════════════╝
  Tool:     opencode-cli
  Model:    bailian-coding-plan/glm-4.7
  Duration: 4302s
  Final LOC: 5146
  Logs:     /home/dsj/benchmark/results/runs/v3.0/opencode-cli_bailian-coding-plan_glm-4.7_20260324T180952Z_logs
  Note: Use scripts/03_sdd_develop.sh for default execution, or manually collect data.
