Waiting for Evaluation Engine (PID: 137830) to complete...
Evaluation Engine completed.
  Telemetry found: 14 stages
  Audit Complete: 15,621,384 tokens ($71.9), Overhead: 77.41x
[07] Validating data against SDD-TEE schema...
[07] Schema: PASS (43 ARs)
[07] Data → /home/dsj/benchmark/results/reports/sdd_tee_report.json
[07] HTML → /home/dsj/benchmark/results/reports/v3.0/opencode-cli_bailian-coding-plan_glm-4.7_20260324T180952Z_report.html
[07] HTML validation: PASS (10 sections, all keywords)
[07] Total: 43 ARs, 15,621,384 tokens, $71.90
[11] Processing 7 runs for Deep Summary Report...
[11] Deep Summary Report generated: results/reports/v3.0/compare_report.html
[main d0c5d58] Auto-complete reinforced evaluation (V3 Guarded) for bailian-coding-plan/glm-4.7
 37 files changed, 11496 insertions(+), 2669 deletions(-)
 create mode 100644 glm47_v3_g4.log
 create mode 100644 results/reports/v3.0/opencode-cli_bailian-coding-plan_glm-4.7_20260324T180952Z_report.html
 create mode 100644 results/runs/v3.0/opencode-cli_bailian-coding-plan_glm-4.7_20260324T180952Z.json
 create mode 100644 results/runs/v3.0/opencode-cli_bailian-coding-plan_glm-4.7_20260324T180952Z_full.json
 create mode 100644 results/runs/v3.0/opencode-cli_bailian-coding-plan_glm-4.7_20260324T180952Z_logs/round1_implementation.json
 create mode 100644 results/runs/v3.0/opencode-cli_bailian-coding-plan_glm-4.7_20260324T180952Z_logs/round1_implementation_raw.json
 create mode 100644 results/runs/v3.0/opencode-cli_bailian-coding-plan_glm-4.7_20260324T180952Z_logs/round1_planning.json
 create mode 100644 results/runs/v3.0/opencode-cli_bailian-coding-plan_glm-4.7_20260324T180952Z_logs/round1_planning_raw.json
 create mode 100644 results/runs/v3.0/opencode-cli_bailian-coding-plan_glm-4.7_20260324T180952Z_logs/round1_verify.json
 create mode 100644 results/runs/v3.0/opencode-cli_bailian-coding-plan_glm-4.7_20260324T180952Z_logs/round1_verify_raw.json
 create mode 100644 results/runs/v3.0/opencode-cli_bailian-coding-plan_glm-4.7_20260324T180952Z_logs/round2_implementation.json
 create mode 100644 results/runs/v3.0/opencode-cli_bailian-coding-plan_glm-4.7_20260324T180952Z_logs/round2_implementation_raw.json
 create mode 100644 results/runs/v3.0/opencode-cli_bailian-coding-plan_glm-4.7_20260324T180952Z_logs/round2_implementation_retry.json
 create mode 100644 results/runs/v3.0/opencode-cli_bailian-coding-plan_glm-4.7_20260324T180952Z_logs/round2_implementation_retry_raw.json
 create mode 100644 results/runs/v3.0/opencode-cli_bailian-coding-plan_glm-4.7_20260324T180952Z_logs/round2_planning.json
 create mode 100644 results/runs/v3.0/opencode-cli_bailian-coding-plan_glm-4.7_20260324T180952Z_logs/round2_planning_raw.json
 create mode 100644 results/runs/v3.0/opencode-cli_bailian-coding-plan_glm-4.7_20260324T180952Z_logs/round2_verify.json
 create mode 100644 results/runs/v3.0/opencode-cli_bailian-coding-plan_glm-4.7_20260324T180952Z_logs/round2_verify_raw.json
 create mode 100644 results/runs/v3.0/opencode-cli_bailian-coding-plan_glm-4.7_20260324T180952Z_logs/round3_implementation.json
 create mode 100644 results/runs/v3.0/opencode-cli_bailian-coding-plan_glm-4.7_20260324T180952Z_logs/round3_implementation_raw.json
 create mode 100644 results/runs/v3.0/opencode-cli_bailian-coding-plan_glm-4.7_20260324T180952Z_logs/round3_planning.json
 create mode 100644 results/runs/v3.0/opencode-cli_bailian-coding-plan_glm-4.7_20260324T180952Z_logs/round3_planning_raw.json
 create mode 100644 results/runs/v3.0/opencode-cli_bailian-coding-plan_glm-4.7_20260324T180952Z_logs/round3_verify.json
 create mode 100644 results/runs/v3.0/opencode-cli_bailian-coding-plan_glm-4.7_20260324T180952Z_logs/round3_verify_raw.json
 create mode 100644 results/runs/v3.0/opencode-cli_bailian-coding-plan_glm-4.7_20260324T180952Z_logs/round4_implementation.json
 create mode 100644 results/runs/v3.0/opencode-cli_bailian-coding-plan_glm-4.7_20260324T180952Z_logs/round4_implementation_raw.json
 create mode 100644 results/runs/v3.0/opencode-cli_bailian-coding-plan_glm-4.7_20260324T180952Z_logs/round4_implementation_retry.json
 create mode 100644 results/runs/v3.0/opencode-cli_bailian-coding-plan_glm-4.7_20260324T180952Z_logs/round4_implementation_retry_raw.json
 create mode 100644 results/runs/v3.0/opencode-cli_bailian-coding-plan_glm-4.7_20260324T180952Z_logs/round4_planning.json
 create mode 100644 results/runs/v3.0/opencode-cli_bailian-coding-plan_glm-4.7_20260324T180952Z_logs/round4_planning_raw.json
 create mode 100644 results/runs/v3.0/opencode-cli_bailian-coding-plan_glm-4.7_20260324T180952Z_logs/round4_verify.json
 create mode 100644 results/runs/v3.0/opencode-cli_bailian-coding-plan_glm-4.7_20260324T180952Z_logs/round4_verify_raw.json
 create mode 100644 sup_glm47_v3_g4.log
error: cannot pull with rebase: You have unstaged changes.
error: Please commit or stash them.
To github.com:ShijunDeng/sdd-tee.git
   554c9cd..d0c5d58  main -> main
Supervisor pipeline fully completed.
