=== SDD-TEE v4.0 Reinforced Execution: bailian-coding-plan/glm-4.7 ===
--- Round 1 / 4: AR-001,AR-002,AR-003,AR-004,AR-005,AR-006,AR-007,AR-008,AR-009,AR-010,AR-011 ---
  [ST-1] Initial Planning...
  [Cleaning Workspace] Removing cache and build artifacts...
  [ST-1.5] Clarification Iteration (Simulated Conflict)...
  [Cleaning Workspace] Removing cache and build artifacts...
  [ST-5] Implementation (TDD Reinforced)...
  [Cleaning Workspace] Removing cache and build artifacts...
--- Round 2 / 4: AR-012,AR-013,AR-014,AR-015,AR-016,AR-017,AR-018,AR-019,AR-020,AR-021,AR-022 ---
  [ST-1] Initial Planning...
  [Cleaning Workspace] Removing cache and build artifacts...
  [ST-1.5] Clarification Iteration (Simulated Conflict)...
  [Cleaning Workspace] Removing cache and build artifacts...
  [ST-5] Implementation (TDD Reinforced)...
  [Cleaning Workspace] Removing cache and build artifacts...
--- Round 3 / 4: AR-023,AR-024,AR-025,AR-026,AR-027,AR-028,AR-029,AR-030,AR-031,AR-032,AR-033 ---
  [ST-1] Initial Planning...
  [Cleaning Workspace] Removing cache and build artifacts...
  [ST-1.5] Clarification Iteration (Simulated Conflict)...
  [Cleaning Workspace] Removing cache and build artifacts...
  [ST-5] Implementation (TDD Reinforced)...
  [Cleaning Workspace] Removing cache and build artifacts...
--- Round 4 / 4: AR-034,AR-035,AR-036,AR-037,AR-038,AR-039,AR-040,AR-041,AR-042,AR-043 ---
  [ST-1] Initial Planning...
  [Cleaning Workspace] Removing cache and build artifacts...
  [ST-1.5] Clarification Iteration (Simulated Conflict)...
  [Cleaning Workspace] Removing cache and build artifacts...
  [ST-5] Implementation (TDD Reinforced)...
  [Cleaning Workspace] Removing cache and build artifacts...
=== v4.0 Primary Execution Complete ===
Workspace: workspaces/v4.0/opencode-cli_bailian-coding-plan-glm-4.7_20260326T194729Z
