
━━━━━━━━━━━━━━━━━━━━━━━━━━━━━━━━━━━━━━━━━━━━━━━━━━━━━━━━━━
  Round 1 / 4: AR-001,AR-002,AR-003,AR-004,AR-005,AR-006,AR-007,AR-008,AR-009,AR-010,AR-011
━━━━━━━━━━━━━━━━━━━━━━━━━━━━━━━━━━━━━━━━━━━━━━━━━━━━━━━━━━
  [Guard] Enforcing Session Isolation for opencode-cli...
  [Gate] Base LOC before Implementation: 0
  [round1_planning] Executing opencode-cli ...
  [round1_planning] Completed in 363s.
  [round1_implementation] Executing opencode-cli ...
  [round1_implementation] Completed in 600s.
  [Gate] LOC Delta after Implementation: 2934 lines.
  [Gate] Verification Passed: Output is realistic.
  [round1_verify] Executing opencode-cli ...
  [round1_verify] Completed in 600s.

━━━━━━━━━━━━━━━━━━━━━━━━━━━━━━━━━━━━━━━━━━━━━━━━━━━━━━━━━━
  Round 2 / 4: AR-012,AR-013,AR-014,AR-015,AR-016,AR-017,AR-018,AR-019,AR-020,AR-021,AR-022
━━━━━━━━━━━━━━━━━━━━━━━━━━━━━━━━━━━━━━━━━━━━━━━━━━━━━━━━━━
  [Guard] Enforcing Session Isolation for opencode-cli...
  [Gate] Base LOC before Implementation: 3113
  [round2_planning] Executing opencode-cli ...
  [round2_planning] Completed in 33s.
  [round2_implementation] Executing opencode-cli ...
  [round2_implementation] Completed in 600s.
  [Gate] LOC Delta after Implementation: 227 lines.
  [Gate] Verification Passed: Output is realistic.
  [round2_verify] Executing opencode-cli ...
  [round2_verify] Completed in 506s.

━━━━━━━━━━━━━━━━━━━━━━━━━━━━━━━━━━━━━━━━━━━━━━━━━━━━━━━━━━
  Round 3 / 4: AR-023,AR-024,AR-025,AR-026,AR-027,AR-028,AR-029,AR-030,AR-031,AR-032,AR-033
━━━━━━━━━━━━━━━━━━━━━━━━━━━━━━━━━━━━━━━━━━━━━━━━━━━━━━━━━━
  [Guard] Enforcing Session Isolation for opencode-cli...
  [Gate] Base LOC before Implementation: 3912
  [round3_planning] Executing opencode-cli ...
  [round3_planning] Completed in 287s.
  [round3_implementation] Executing opencode-cli ...
  [round3_implementation] Completed in 600s.
  [Gate] LOC Delta after Implementation: 1946 lines.
  [Gate] Verification Passed: Output is realistic.
  [round3_verify] Executing opencode-cli ...
  [round3_verify] Completed in 62s.

━━━━━━━━━━━━━━━━━━━━━━━━━━━━━━━━━━━━━━━━━━━━━━━━━━━━━━━━━━
  Round 4 / 4: AR-034,AR-035,AR-036,AR-037,AR-038,AR-039,AR-040,AR-041,AR-042,AR-043
━━━━━━━━━━━━━━━━━━━━━━━━━━━━━━━━━━━━━━━━━━━━━━━━━━━━━━━━━━
  [Guard] Enforcing Session Isolation for opencode-cli...
  [Gate] Base LOC before Implementation: 5858
  [round4_planning] Executing opencode-cli ...
  [round4_planning] Completed in 507s.
  [round4_implementation] Executing opencode-cli ...
  [round4_implementation] Completed in 458s.
  [Gate] LOC Delta after Implementation: 77 lines.
  [Gate] Verification Passed: Output is realistic.
  [round4_verify] Executing opencode-cli ...
  [round4_verify] Completed in 265s.

╔══════════════════════════════════════════════════════════╗
║  V3 REALISM-GUARD EVALUATION COMPLETE                    ║
╚══════════════════════════════════════════════════════════╝
  Tool:     opencode-cli
  Model:    bailian-coding-plan/glm-5
  Duration: 4881s
  Final LOC: 5935
  Logs:     /home/dsj/benchmark/results/runs/v3.0/opencode-cli_bailian-coding-plan_glm-5_20260324T164732Z_logs
  Note: Use scripts/03_sdd_develop.sh for default execution, or manually collect data.
