[v4.0 Guard] Monitoring Evaluation Engine (PID: 184323)...
[v4.0 Guard] Initial execution rounds completed.
[v4.0 Guard] Self-Healing Iteration 1/ 2...
  Checking Go build & tests in /home/dsj/benchmark/workspaces/v4.0/opencode-cli_bailian-coding-plan-kimi-k2.5_20260325T161014Z...
[v4.0 Guard] Validation FAILED. Error detected. Triggering correction...
  Invoking opencode-cli for correction (this consumes additional tokens)...
[v4.0 Guard] Self-Healing Iteration 2/ 2...
  Checking Go build & tests in /home/dsj/benchmark/workspaces/v4.0/opencode-cli_bailian-coding-plan-kimi-k2.5_20260325T161014Z...
[v4.0 Guard] Validation FAILED. Error detected. Triggering correction...
  Invoking opencode-cli for correction (this consumes additional tokens)...
[v4.0 Guard] Starting Precision Token Audit (v4.0 Sum-of-Turns)...
Final Data → results/runs/v4.0/opencode-cli_bailian-coding-plan-kimi-k2.5_20260325T161014Z_full.json
[07] Validating data against SDD-TEE schema...
[07] Schema: FAIL — report may be incomplete!
Schema validation failed with 5 error(s):
  - Missing top-level 'meta'
  - Missing 'grand_totals'
  - Missing 'stage_aggregates'
  - Missing 'baselines'
  - 'ar_results' is empty

[07] Data → /home/dsj/benchmark/results/reports/sdd_tee_report.json
Traceback (most recent call last):
  File "/home/dsj/benchmark/scripts/07_sdd_tee_report.py", line 1000, in <module>
    main()
  File "/home/dsj/benchmark/scripts/07_sdd_tee_report.py", line 978, in main
    html = render_html(data)
  File "/home/dsj/benchmark/scripts/07_sdd_tee_report.py", line 453, in render_html
    gt = data["grand_totals"]
KeyError: 'grand_totals'
[11] Processing 2 runs for Deep Summary Report...
[11] Deep Summary Report generated: results/reports/v4.0/compare_report.html
