22:01:07 [INFO] 
======================================================================
22:01:07 [INFO] v6.0 oh-my-openagent: 混合搭配 (glm-5规划/实现 + MiniMax搜索/文档 + glm-4.7审查/验证)
22:01:07 [INFO] Run ID: omo_mixed_20260413T140107Z
22:01:07 [INFO] Workspace: /home/dsj/benchmark/workspaces/v6.0/omo_mixed_20260413T140107Z
22:01:07 [INFO] AR count: 43
22:01:07 [INFO] ======================================================================
22:01:07 [INFO] 
  [1/43] AR-001 CRD AgentRuntime 类型定义 (S)
22:01:07 [INFO]     ST-0: executing...
22:03:59 [INFO]     ST-0: done in 172.3s - in=61,704 out=3,779 cache_r=475,318 calls=10
22:03:59 [INFO]     ST-1: executing...
22:07:17 [INFO]     ST-1: done in 197.6s - in=51,616 out=6,616 cache_r=810,520 calls=20
22:07:17 [INFO]     ST-2: executing...
22:14:13 [INFO]     ST-2: done in 416.1s - in=141,565 out=13,048 cache_r=770,866 calls=16
22:14:13 [INFO]     ST-3: executing...
22:20:02 [INFO]     ST-3: done in 349.0s - in=164,798 out=13,324 cache_r=417,656 calls=9
22:20:02 [INFO]     ST-4: executing...
22:22:22 [INFO]     ST-4: done in 139.6s - in=72,491 out=4,200 cache_r=596,000 calls=16
22:22:22 [INFO]     ST-5: executing...
22:35:02 [INFO]     ST-5: done in 760.7s - in=189,493 out=16,690 cache_r=2,803,231 calls=34
22:35:02 [INFO]     ST-6: executing...
22:35:32 [INFO]     ST-6: done in 29.3s - in=36,722 out=879 cache_r=36,671 calls=2
22:35:32 [INFO]     ST-7: executing...
22:36:51 [INFO]     ST-7: done in 79.6s - in=109,123 out=1,819 cache_r=473,522 calls=8
22:36:51 [INFO]   AR done: 2144.2s, 665 LOC, 8 files
22:36:51 [INFO] 
  [2/43] AR-002 CRD CodeInterpreter 类型定义 (S)
22:36:51 [INFO]     ST-0: executing...
22:39:42 [INFO]     ST-0: done in 170.4s - in=101,740 out=6,238 cache_r=315,322 calls=7
22:39:42 [INFO]     ST-1: executing...
22:43:58 [INFO]     ST-1: done in 256.7s - in=77,497 out=9,482 cache_r=588,328 calls=12
22:43:58 [INFO]     ST-2: executing...
22:51:53 [INFO]     ST-2: done in 474.6s - in=195,811 out=16,081 cache_r=792,240 calls=16
22:51:53 [INFO]     ST-3: executing...
22:57:34 [INFO]     ST-3: done in 341.4s - in=137,079 out=15,575 cache_r=340,985 calls=7
22:57:34 [INFO]     ST-4: executing...
22:58:28 [INFO]     ST-4: done in 53.7s - in=35,083 out=1,506 cache_r=113,144 calls=4
22:58:28 [INFO]     ST-5: executing...
23:05:53 [INFO]     ST-5: done in 445.6s - in=158,852 out=15,049 cache_r=1,678,571 calls=21
23:05:53 [INFO]     ST-6: executing...
23:06:20 [INFO]     ST-6: done in 26.7s - in=36,588 out=735 cache_r=36,479 calls=2
23:06:20 [INFO]     ST-7: executing...
23:08:01 [INFO]     ST-7: done in 100.6s - in=81,033 out=2,737 cache_r=614,692 calls=14
23:08:01 [INFO]   AR done: 1869.6s, 1466 LOC, 10 files
23:08:01 [INFO] 
  [3/43] AR-003 CRD 共享类型与常量 (S)
23:08:01 [INFO]     ST-0: executing...
23:10:23 [INFO]     ST-0: done in 142.3s - in=117,861 out=4,174 cache_r=491,192 calls=9
23:10:23 [INFO]     ST-1: executing...
23:15:09 [INFO]     ST-1: done in 285.6s - in=53,641 out=13,210 cache_r=757,664 calls=16
23:15:09 [INFO]     ST-2: executing...
23:15:59 [INFO]     ST-2: done in 50.2s - in=1,788 out=1,218 cache_r=71,806 calls=2
23:15:59 [INFO]     ST-3: executing...
23:26:23 [INFO]     ST-3: done in 624.0s - in=233,223 out=26,826 cache_r=686,195 calls=13
23:26:23 [INFO]     ST-4: executing...
23:28:27 [INFO]     ST-4: done in 124.3s - in=78,452 out=4,380 cache_r=369,518 calls=9
23:28:27 [INFO]     ST-5: executing...
23:32:25 [INFO]     ST-5: done in 238.2s - in=125,461 out=5,391 cache_r=750,963 calls=15
23:32:25 [INFO]     ST-6: executing...
23:33:06 [INFO]     ST-6: done in 40.5s - in=33,496 out=991 cache_r=40,126 calls=2
23:33:06 [INFO]     ST-7: executing...
23:35:04 [INFO]     ST-7: done in 118.4s - in=41,251 out=2,894 cache_r=526,822 calls=13
23:35:04 [INFO]   AR done: 1623.4s, 1466 LOC, 10 files
23:35:04 [INFO] 
  [4/43] AR-004 WorkloadManager HTTP 服务框架 (M)
23:35:04 [INFO]     ST-0: executing...
23:35:33 [INFO]     ST-0: done in 29.0s - in=94 out=533 cache_r=35,839 calls=1
23:35:33 [INFO]     ST-1: executing...
23:39:39 [INFO]     ST-1: done in 245.4s - in=87,948 out=9,193 cache_r=1,217,816 calls=20
23:39:39 [INFO]     ST-2: executing...
23:48:03 [INFO]     ST-2: done in 504.5s - in=282,990 out=17,478 cache_r=705,140 calls=15
23:48:03 [INFO]     ST-3: executing...
23:54:54 [INFO]     ST-3: done in 410.9s - in=132,816 out=1,850 cache_r=281,721 calls=7
23:54:54 [INFO]     ST-4: executing...
23:57:48 [INFO]     ST-4: done in 173.8s - in=64,678 out=6,250 cache_r=620,260 calls=14
23:57:48 [INFO]     ST-5: executing...
00:27:48 [WARNING]     attempt 1/3 timed out, retrying in 30s (timeout 1800s -> 3600s)
00:32:07 [INFO]     ST-5: done in 2058.9s - in=205,471 out=5,397 cache_r=570,487 calls=9
00:32:07 [INFO]     ST-6: executing...
00:32:41 [INFO]     ST-6: done in 34.2s - in=36,929 out=1,161 cache_r=36,799 calls=2
00:32:41 [INFO]     ST-7: executing...
00:34:29 [INFO]     ST-7: done in 107.9s - in=60,289 out=3,026 cache_r=600,294 calls=14
00:34:29 [INFO]   AR done: 3564.4s, 4170 LOC, 27 files
00:34:29 [INFO] 
  [5/43] AR-005 Sandbox 创建处理器 (M)
00:34:29 [INFO]     ST-0: executing...
00:36:52 [INFO]     ST-0: done in 143.3s - in=124,945 out=4,959 cache_r=411,577 calls=8
00:36:52 [INFO]     ST-1: executing...
00:42:11 [INFO]     ST-1: done in 319.0s - in=106,535 out=12,257 cache_r=1,790,854 calls=29
00:42:11 [INFO]     ST-2: executing...
00:49:25 [INFO]     ST-2: done in 433.7s - in=199,231 out=14,672 cache_r=712,373 calls=12
00:49:25 [INFO]     ST-3: executing...
00:55:16 [INFO]     ST-3: done in 351.7s - in=182,375 out=13,414 cache_r=445,817 calls=8
00:55:16 [INFO]     ST-4: executing...
01:02:10 [INFO]     ST-4: done in 413.8s - in=99,757 out=7,412 cache_r=1,023,194 calls=20
01:02:10 [INFO]     ST-5: executing...
01:04:23 [INFO]     ST-5: done in 133.3s - in=107,339 out=3,625 cache_r=498,231 calls=10
01:04:23 [INFO]     ST-6: executing...
01:04:51 [INFO]     ST-6: done in 27.2s - in=36,646 out=868 cache_r=36,735 calls=2
01:04:51 [INFO]     ST-7: executing...
01:07:43 [INFO]     ST-7: done in 172.8s - in=76,322 out=4,260 cache_r=1,451,744 calls=16
01:07:43 [INFO]   AR done: 1994.7s, 4170 LOC, 27 files
01:07:43 [INFO] 
  [6/43] AR-006 Sandbox 删除与生命周期管理 (M)
01:07:43 [INFO]     ST-0: executing...
01:12:39 [INFO]     ST-0: done in 295.2s - in=90,753 out=12,519 cache_r=391,929 calls=7
01:12:39 [INFO]     ST-1: executing...
01:16:47 [INFO]     ST-1: done in 248.5s - in=96,654 out=9,887 cache_r=925,666 calls=15
01:16:47 [INFO]     ST-2: executing...
01:17:44 [INFO]     ST-2: done in 56.8s - in=2,430 out=1,562 cache_r=71,806 calls=2
01:17:44 [INFO]     ST-3: executing...
01:28:24 [INFO]     ST-3: done in 640.5s - in=115,815 out=18,080 cache_r=1,060,082 calls=14
01:28:24 [INFO]     ST-4: executing...
01:30:49 [INFO]     ST-4: done in 145.1s - in=58,817 out=6,545 cache_r=368,560 calls=8
01:30:49 [INFO]     ST-5: executing...
01:32:46 [INFO]     ST-5: done in 116.2s - in=40,347 out=3,523 cache_r=374,009 calls=7
01:32:46 [INFO]     ST-6: executing...
01:33:12 [INFO]     ST-6: done in 26.9s - in=16,338 out=908 cache_r=57,086 calls=2
01:33:12 [INFO]     ST-7: executing...
01:33:58 [INFO]     ST-7: done in 45.8s - in=20,967 out=1,610 cache_r=216,118 calls=5
01:33:58 [INFO]   AR done: 1574.9s, 4170 LOC, 27 files
01:33:58 [INFO] 
  [7/43] AR-007 K8s Reconciler 控制器 (L)
01:33:58 [INFO]     ST-0: executing...
01:36:20 [INFO]     ST-0: done in 141.7s - in=70,137 out=5,203 cache_r=282,554 calls=6
01:36:20 [INFO]     ST-1: executing...
01:39:36 [INFO]     ST-1: done in 196.4s - in=72,229 out=8,968 cache_r=624,808 calls=12
01:39:36 [INFO]     ST-2: executing...
01:41:17 [INFO]     ST-2: done in 100.5s - in=48,810 out=2,944 cache_r=209,851 calls=5
01:41:17 [INFO]     ST-3: executing...
01:53:37 [INFO]     ST-3: done in 740.3s - in=207,192 out=20,469 cache_r=1,232,623 calls=18
01:53:37 [INFO]     ST-4: executing...
01:57:01 [INFO]     ST-4: done in 204.1s - in=107,262 out=9,711 cache_r=381,680 calls=9
01:57:01 [INFO]     ST-5: executing...
02:23:33 [INFO]     ST-5: done in 1591.6s - in=419,272 out=48,254 cache_r=8,523,395 calls=63
02:23:33 [INFO]     ST-6: executing...
02:24:14 [INFO]     ST-6: done in 41.6s - in=33,399 out=1,147 cache_r=40,254 calls=2
02:24:14 [INFO]     ST-7: executing...
02:25:28 [INFO]     ST-7: done in 73.9s - in=66,648 out=2,116 cache_r=353,970 calls=8
02:25:28 [INFO]   AR done: 3090.1s, 5457 LOC, 37 files
02:25:28 [INFO] 
  [8/43] AR-008 Sandbox GC 定时清理机制 (S)
02:25:28 [INFO]     ST-0: executing...
02:27:44 [INFO]     ST-0: done in 136.0s - in=72,816 out=4,926 cache_r=285,370 calls=6
02:27:44 [INFO]     ST-1: executing...
02:31:10 [INFO]     ST-1: done in 205.9s - in=67,122 out=8,380 cache_r=562,664 calls=12
02:31:10 [INFO]     ST-2: executing...
02:37:27 [INFO]     ST-2: done in 377.2s - in=183,831 out=13,179 cache_r=502,902 calls=11
02:37:27 [INFO]     ST-3: executing...
02:43:50 [INFO]     ST-3: done in 382.9s - in=38,331 out=1,809 cache_r=221,371 calls=5
02:43:50 [INFO]     ST-4: executing...
02:45:45 [INFO]     ST-4: done in 114.9s - in=66,309 out=4,554 cache_r=412,780 calls=11
02:45:45 [INFO]     ST-5: executing...
02:51:28 [INFO]     ST-5: done in 342.9s - in=74,760 out=9,892 cache_r=1,115,118 calls=18
02:51:28 [INFO]     ST-6: executing...
02:51:57 [INFO]     ST-6: done in 28.3s - in=36,624 out=843 cache_r=36,543 calls=2
02:51:57 [INFO]     ST-7: executing...
02:53:19 [INFO]     ST-7: done in 82.3s - in=57,693 out=2,274 cache_r=609,064 calls=13
02:53:19 [INFO]   AR done: 1670.4s, 5818 LOC, 38 files
02:53:19 [INFO] 
  [9/43] AR-009 Router HTTP 反向代理核心 (M)
02:53:19 [INFO]     ST-0: executing...
03:02:33 [INFO]     ST-0: done in 553.9s - in=81,249 out=19,441 cache_r=494,967 calls=9
03:02:33 [INFO]     ST-1: executing...
03:07:30 [INFO]     ST-1: done in 297.0s - in=130,891 out=10,877 cache_r=1,752,460 calls=27
03:07:30 [INFO]     ST-2: executing...
03:08:22 [INFO]     ST-2: done in 52.0s - in=1,869 out=1,236 cache_r=71,806 calls=2
03:08:22 [INFO]     ST-3: executing...
03:14:55 [INFO]     ST-3: done in 393.3s - in=37,856 out=2,460 cache_r=113,085 calls=3
03:14:55 [INFO]     ST-4: executing...
03:22:09 [INFO]     ST-4: done in 434.1s - in=65,313 out=12,095 cache_r=391,726 calls=10
03:22:09 [INFO]     ST-5: executing...
03:23:50 [INFO]     ST-5: done in 101.2s - in=37,202 out=2,611 cache_r=402,743 calls=9
03:23:50 [INFO]     ST-6: executing...
03:24:33 [INFO]     ST-6: done in 42.9s - in=36,731 out=862 cache_r=36,607 calls=2
03:24:33 [INFO]     ST-7: executing...
03:25:08 [INFO]     ST-7: done in 34.7s - in=11,465 out=996 cache_r=198,710 calls=5
03:25:08 [INFO]   AR done: 1909.0s, 5818 LOC, 38 files
03:25:08 [INFO] 
  [10/43] AR-010 Router 会话管理 (M)
03:25:08 [INFO]     ST-0: executing...
03:27:33 [INFO]     ST-0: done in 145.0s - in=63,968 out=4,621 cache_r=454,903 calls=9
03:27:33 [INFO]     ST-1: executing...
03:30:54 [INFO]     ST-1: done in 201.1s - in=111,235 out=8,774 cache_r=703,270 calls=13
03:30:54 [INFO]     ST-2: executing...
03:36:27 [INFO]     ST-2: done in 333.1s - in=143,057 out=11,684 cache_r=556,151 calls=10
03:36:27 [INFO]     ST-3: executing...
03:41:44 [INFO]     ST-3: done in 316.7s - in=141,121 out=14,118 cache_r=585,781 calls=11
03:41:44 [INFO]     ST-4: executing...
03:47:49 [INFO]     ST-4: done in 364.9s - in=115,912 out=6,884 cache_r=1,287,766 calls=22
03:47:49 [INFO]     ST-5: executing...
04:16:20 [INFO]     ST-5: done in 1711.6s - in=323,839 out=46,548 cache_r=7,837,685 calls=76
04:16:20 [INFO]     ST-6: executing...
04:17:05 [INFO]     ST-6: done in 45.1s - in=36,758 out=1,085 cache_r=36,799 calls=2
04:17:05 [INFO]     ST-7: executing...
04:18:42 [INFO]     ST-7: done in 96.9s - in=57,418 out=2,854 cache_r=621,476 calls=15
04:18:42 [INFO]   AR done: 3214.5s, 9028 LOC, 54 files
04:18:42 [INFO] 
  [11/43] AR-011 Router JWT 认证与签发 (M)
04:18:42 [INFO]     ST-0: executing...
04:21:54 [INFO]     ST-0: done in 192.0s - in=81,996 out=5,857 cache_r=310,970 calls=6
04:21:54 [INFO]     ST-1: executing...
04:25:31 [INFO]     ST-1: done in 216.3s - in=82,726 out=8,798 cache_r=1,202,838 calls=21
04:25:31 [INFO]     ST-2: executing...
04:30:49 [INFO]     ST-2: done in 318.8s - in=146,087 out=11,221 cache_r=536,054 calls=10
04:30:49 [INFO]     ST-3: executing...
04:39:22 [INFO]     ST-3: done in 512.7s - in=143,840 out=12,169 cache_r=718,452 calls=12
04:39:22 [INFO]     ST-4: executing...
04:45:32 [INFO]     ST-4: done in 370.4s - in=56,495 out=6,378 cache_r=372,334 calls=10
04:45:32 [INFO]     ST-5: executing...
04:48:41 [INFO]     ST-5: done in 188.1s - in=69,093 out=4,117 cache_r=682,484 calls=12
04:48:41 [INFO]     ST-6: executing...
04:49:08 [INFO]     ST-6: done in 27.3s - in=36,684 out=910 cache_r=36,735 calls=2
04:49:08 [INFO]     ST-7: executing...
04:50:20 [INFO]     ST-7: done in 71.9s - in=54,846 out=1,737 cache_r=431,982 calls=9
04:50:20 [INFO]   AR done: 1897.4s, 9028 LOC, 54 files
04:50:20 [INFO] 
  [12/43] AR-012 会话存储接口定义 (S)
04:50:20 [INFO]     ST-0: executing...
05:02:51 [INFO]     ST-0: done in 750.9s - in=187,115 out=20,849 cache_r=403,257 calls=8
05:02:51 [INFO]     ST-1: executing...
05:05:03 [INFO]     ST-1: done in 132.2s - in=88,031 out=4,725 cache_r=543,146 calls=12
05:05:03 [INFO]     ST-2: executing...
05:11:02 [INFO]     ST-2: done in 359.6s - in=181,723 out=10,903 cache_r=571,064 calls=9
05:11:02 [INFO]     ST-3: executing...
05:16:56 [INFO]     ST-3: done in 353.6s - in=125,550 out=11,804 cache_r=1,515,567 calls=17
05:16:56 [INFO]     ST-4: executing...
05:20:01 [INFO]     ST-4: done in 185.4s - in=66,733 out=5,043 cache_r=755,420 calls=19
05:20:01 [INFO]     ST-5: executing...
05:25:16 [INFO]     ST-5: done in 314.5s - in=51,692 out=9,855 cache_r=999,085 calls=19
05:25:16 [INFO]     ST-6: executing...
05:26:00 [INFO]     ST-6: done in 44.3s - in=73,914 out=1,533 cache_r=0 calls=2
05:26:00 [INFO]     ST-7: executing...
05:27:25 [INFO]     ST-7: done in 84.9s - in=39,965 out=2,420 cache_r=443,950 calls=9
05:27:25 [INFO]   AR done: 2225.6s, 9730 LOC, 55 files
05:27:25 [INFO] 
  [13/43] AR-013 Redis 存储实现 (M)
05:27:25 [INFO]     ST-0: executing...
05:33:22 [INFO]     ST-0: done in 356.8s - in=117,042 out=10,291 cache_r=460,984 calls=8
05:33:22 [INFO]     ST-1: executing...
05:34:39 [INFO]     ST-1: done in 77.0s - in=20,125 out=2,639 cache_r=463,274 calls=11
05:34:39 [INFO]     ST-2: executing...
05:42:21 [INFO]     ST-2: done in 461.8s - in=148,508 out=14,735 cache_r=812,660 calls=12
05:42:21 [INFO]     ST-3: executing...
05:49:45 [INFO]     ST-3: done in 444.4s - in=295,386 out=17,107 cache_r=679,989 calls=11
05:49:45 [INFO]     ST-4: executing...
05:50:42 [INFO]     ST-4: done in 56.4s - in=44,900 out=1,888 cache_r=235,764 calls=7
05:50:42 [INFO]     ST-5: executing...
06:20:42 [WARNING]     attempt 1/3 timed out, retrying in 30s (timeout 1800s -> 3600s)
06:24:59 [INFO]     ST-5: done in 2057.5s - in=110,501 out=4,580 cache_r=440,248 calls=9
06:24:59 [INFO]     ST-6: executing...
06:27:17 [INFO]     ST-6: done in 137.4s - in=247,258 out=5,132 cache_r=461,816 calls=9
06:27:17 [INFO]     ST-7: executing...
06:28:27 [INFO]     ST-7: done in 70.4s - in=66,165 out=2,160 cache_r=273,524 calls=7
06:28:27 [INFO]   AR done: 3661.8s, 10617 LOC, 57 files
06:28:27 [INFO] 
  [14/43] AR-014 Valkey 存储实现 (S)
06:28:27 [INFO]     ST-0: executing...
06:33:41 [INFO]     ST-0: done in 314.0s - in=133,603 out=7,385 cache_r=279,291 calls=6
06:33:41 [INFO]     ST-1: executing...
06:36:49 [INFO]     ST-1: done in 187.6s - in=102,787 out=7,637 cache_r=807,392 calls=16
06:36:49 [INFO]     ST-2: executing...
06:46:30 [INFO]     ST-2: done in 581.7s - in=130,741 out=13,882 cache_r=431,672 calls=8
06:46:30 [INFO]     ST-3: executing...
06:53:45 [INFO]     ST-3: done in 434.3s - in=184,184 out=18,995 cache_r=1,358,576 calls=16
06:53:45 [INFO]     ST-4: executing...
06:56:19 [INFO]     ST-4: done in 154.4s - in=68,735 out=6,818 cache_r=442,094 calls=9
06:56:19 [INFO]     ST-5: executing...
07:04:42 [INFO]     ST-5: done in 502.9s - in=178,394 out=12,071 cache_r=2,032,746 calls=22
07:04:42 [INFO]     ST-6: executing...
07:07:00 [INFO]     ST-6: done in 137.9s - in=236,850 out=5,675 cache_r=468,537 calls=10
07:07:00 [INFO]     ST-7: executing...
07:08:46 [INFO]     ST-7: done in 106.6s - in=73,398 out=2,897 cache_r=809,958 calls=14
07:08:46 [INFO]   AR done: 2419.3s, 11445 LOC, 59 files
07:08:46 [INFO] 
  [15/43] AR-015 PicoD 命令执行 API (M)
07:08:46 [INFO]     ST-0: executing...
07:12:16 [INFO]     ST-0: done in 210.0s - in=141,066 out=4,439 cache_r=348,025 calls=7
07:12:16 [INFO]     ST-1: executing...
07:15:13 [INFO]     ST-1: done in 176.9s - in=57,794 out=7,247 cache_r=564,136 calls=12
07:15:13 [INFO]     ST-2: executing...
07:21:32 [INFO]     ST-2: done in 378.7s - in=45,483 out=1,375 cache_r=180,668 calls=4
07:21:32 [INFO]     ST-3: executing...
07:28:42 [INFO]     ST-3: done in 430.3s - in=95,316 out=3,350 cache_r=249,914 calls=6
07:28:42 [INFO]     ST-4: executing...
07:31:17 [INFO]     ST-4: done in 154.5s - in=85,835 out=6,437 cache_r=536,428 calls=10
07:31:17 [INFO]     ST-5: executing...
07:37:27 [INFO]     ST-5: done in 370.0s - in=44,580 out=5,068 cache_r=467,254 calls=10
07:37:27 [INFO]     ST-6: executing...
07:37:54 [INFO]     ST-6: done in 27.0s - in=36,709 out=874 cache_r=36,671 calls=2
07:37:54 [INFO]     ST-7: executing...
07:39:08 [INFO]     ST-7: done in 73.9s - in=51,227 out=2,067 cache_r=460,522 calls=12
07:39:08 [INFO]   AR done: 1821.3s, 11445 LOC, 59 files
07:39:08 [INFO] 
  [16/43] AR-016 PicoD 文件管理 API (M)
07:39:08 [INFO]     ST-0: executing...
07:41:37 [INFO]     ST-0: done in 148.9s - in=48,212 out=5,526 cache_r=389,944 calls=8
07:41:37 [INFO]     ST-1: executing...
07:44:58 [INFO]     ST-1: done in 201.8s - in=68,703 out=9,133 cache_r=584,168 calls=12
07:44:58 [INFO]     ST-2: executing...
07:50:30 [INFO]     ST-2: done in 331.7s - in=189,090 out=13,120 cache_r=466,872 calls=9
07:50:30 [INFO]     ST-3: executing...
07:56:14 [INFO]     ST-3: done in 343.7s - in=134,454 out=12,497 cache_r=246,906 calls=6
07:56:14 [INFO]     ST-4: executing...
07:58:29 [INFO]     ST-4: done in 135.2s - in=112,524 out=5,147 cache_r=432,624 calls=9
07:58:29 [INFO]     ST-5: executing...
08:25:30 [INFO]     ST-5: done in 1621.6s - in=372,585 out=45,943 cache_r=6,312,716 calls=53
08:25:30 [INFO]     ST-6: executing...
08:26:13 [INFO]     ST-6: done in 42.8s - in=36,735 out=992 cache_r=36,735 calls=2
08:26:13 [INFO]     ST-7: executing...
08:27:15 [INFO]     ST-7: done in 61.8s - in=54,846 out=1,922 cache_r=227,508 calls=7
08:27:15 [INFO]   AR done: 2887.4s, 15190 LOC, 69 files
08:27:15 [INFO] 
  [17/43] AR-017 PicoD JWT 中间件 (S)
08:27:15 [INFO]     ST-0: executing...
08:29:50 [INFO]     ST-0: done in 154.5s - in=79,499 out=4,320 cache_r=303,291 calls=6
08:29:50 [INFO]     ST-1: executing...
08:34:43 [INFO]     ST-1: done in 293.0s - in=94,296 out=9,891 cache_r=1,399,440 calls=24
08:34:43 [INFO]     ST-2: executing...
08:41:06 [INFO]     ST-2: done in 383.3s - in=264,734 out=13,527 cache_r=444,153 calls=9
08:41:06 [INFO]     ST-3: executing...
08:47:12 [INFO]     ST-3: done in 366.2s - in=253,817 out=10,545 cache_r=318,456 calls=8
08:47:12 [INFO]     ST-4: executing...
08:49:08 [INFO]     ST-4: done in 115.8s - in=52,058 out=4,106 cache_r=439,914 calls=11
08:49:08 [INFO]     ST-5: executing...
08:55:50 [INFO]     ST-5: done in 402.3s - in=203,225 out=11,225 cache_r=2,428,836 calls=28
08:55:50 [INFO]     ST-6: executing...
08:56:19 [INFO]     ST-6: done in 29.3s - in=36,560 out=711 cache_r=36,479 calls=2
08:56:19 [INFO]     ST-7: executing...
08:58:26 [INFO]     ST-7: done in 127.1s - in=122,553 out=2,512 cache_r=877,858 calls=15
08:58:26 [INFO]   AR done: 1871.4s, 15105 LOC, 69 files
08:58:26 [INFO] 
  [18/43] AR-018 Agentd 空闲清理控制器 (S)
08:58:26 [INFO]     ST-0: executing...
09:02:33 [INFO]     ST-0: done in 246.6s - in=217,584 out=4,431 cache_r=184,571 calls=7
09:02:33 [INFO]     ST-1: executing...
09:08:20 [INFO]     ST-1: done in 346.8s - in=85,031 out=9,986 cache_r=1,005,786 calls=19
09:08:20 [INFO]     ST-2: executing...
09:15:56 [INFO]     ST-2: done in 456.3s - in=368,210 out=12,143 cache_r=388,534 calls=10
09:15:56 [INFO]     ST-3: executing...
09:21:33 [INFO]     ST-3: done in 336.7s - in=211,414 out=10,438 cache_r=702,068 calls=14
09:21:33 [INFO]     ST-4: executing...
09:24:02 [INFO]     ST-4: done in 148.9s - in=71,674 out=4,578 cache_r=254,770 calls=7
09:24:02 [INFO]     ST-5: executing...
09:34:21 [INFO]     ST-5: done in 619.3s - in=345,322 out=14,564 cache_r=3,590,110 calls=34
09:34:21 [INFO]     ST-6: executing...
09:36:49 [INFO]     ST-6: done in 148.1s - in=202,180 out=7,183 cache_r=576,693 calls=13
09:36:49 [INFO]     ST-7: executing...
09:39:42 [INFO]     ST-7: done in 173.1s - in=93,439 out=2,769 cache_r=698,978 calls=15
09:39:42 [INFO]   AR done: 2475.8s, 15691 LOC, 73 files
09:39:42 [INFO] 
  [19/43] AR-019 CLI 二进制入口 (4 binaries) (M)
09:39:42 [INFO]     ST-0: executing...
09:42:22 [INFO]     ST-0: done in 159.6s - in=108,119 out=5,444 cache_r=254,586 calls=6
09:42:22 [INFO]     ST-1: executing...
09:45:34 [INFO]     ST-1: done in 191.8s - in=46,809 out=6,264 cache_r=497,642 calls=11
09:45:34 [INFO]     ST-2: executing...
09:54:33 [INFO]     ST-2: done in 539.4s - in=163,673 out=14,350 cache_r=1,092,594 calls=15
09:54:33 [INFO]     ST-3: executing...
10:06:22 [INFO]     ST-3: done in 708.7s - in=270,514 out=23,754 cache_r=725,235 calls=13
10:06:22 [INFO]     ST-4: executing...
10:09:18 [INFO]     ST-4: done in 175.9s - in=74,371 out=4,913 cache_r=571,430 calls=13
10:09:18 [INFO]     ST-5: executing...
10:21:56 [INFO]     ST-5: done in 758.4s - in=254,010 out=16,680 cache_r=3,811,538 calls=46
10:21:56 [INFO]     ST-6: executing...
10:22:27 [INFO]     ST-6: done in 31.1s - in=36,723 out=921 cache_r=36,735 calls=2
10:22:27 [INFO]     ST-7: executing...
10:24:56 [INFO]     ST-7: done in 148.4s - in=71,300 out=2,729 cache_r=452,268 calls=11
10:24:56 [INFO]   AR done: 2713.4s, 16079 LOC, 78 files
10:24:56 [INFO] 
  [20/43] AR-020 CLI pack 命令 (M)
10:24:56 [INFO]     ST-0: executing...
10:33:51 [INFO]     ST-0: done in 535.4s - in=136,137 out=14,688 cache_r=450,361 calls=8
10:33:51 [INFO]     ST-1: executing...
10:36:25 [INFO]     ST-1: done in 154.5s - in=89,694 out=3,191 cache_r=428,718 calls=10
10:36:25 [INFO]     ST-2: executing...
10:50:52 [INFO]     ST-2: done in 866.9s - in=333,226 out=6,680 cache_r=517,622 calls=12
10:50:52 [INFO]     ST-3: executing...
10:58:19 [INFO]     ST-3: done in 446.3s - in=221,582 out=6,515 cache_r=547,446 calls=10
10:58:19 [INFO]     ST-4: executing...
11:01:58 [INFO]     ST-4: done in 219.7s - in=89,236 out=6,321 cache_r=492,842 calls=11
11:01:58 [INFO]     ST-5: executing...
11:27:22 [INFO]     ST-5: done in 1523.8s - in=379,950 out=29,397 cache_r=6,232,901 calls=60
11:27:22 [INFO]     ST-6: executing...
11:27:56 [INFO]     ST-6: done in 33.6s - in=36,736 out=867 cache_r=36,607 calls=2
11:27:56 [INFO]     ST-7: executing...
11:29:33 [INFO]     ST-7: done in 97.3s - in=58,580 out=2,099 cache_r=318,128 calls=8
11:29:33 [INFO]   AR done: 3877.5s, 2563 LOC, 21 files
11:29:33 [INFO] 
  [21/43] AR-021 CLI build 命令 (M)
11:29:33 [INFO]     ST-0: executing...
11:36:00 [INFO]     ST-0: done in 386.8s - in=240,900 out=14,747 cache_r=543,926 calls=11
11:36:00 [INFO]     ST-1: executing...
11:40:40 [INFO]     ST-1: done in 279.5s - in=86,072 out=5,978 cache_r=727,454 calls=17
11:40:40 [INFO]     ST-2: executing...
11:47:47 [INFO]     ST-2: done in 427.3s - in=171,955 out=16,537 cache_r=430,521 calls=8
11:47:47 [INFO]     ST-3: executing...
11:54:54 [INFO]     ST-3: done in 427.4s - in=152,457 out=15,898 cache_r=498,104 calls=8
11:54:54 [INFO]     ST-4: executing...
11:59:59 [INFO]     ST-4: done in 304.7s - in=93,028 out=10,914 cache_r=1,414,490 calls=20
11:59:59 [INFO]     ST-5: executing...
12:05:07 [INFO]     ST-5: done in 307.7s - in=113,654 out=6,408 cache_r=382,265 calls=8
12:05:07 [INFO]     ST-6: executing...
12:05:44 [INFO]     ST-6: done in 37.4s - in=36,883 out=983 cache_r=36,735 calls=2
12:05:44 [INFO]     ST-7: executing...
12:06:46 [INFO]     ST-7: done in 61.5s - in=57,465 out=1,144 cache_r=313,906 calls=7
12:06:46 [INFO]   AR done: 2232.4s, 2563 LOC, 21 files
12:06:46 [INFO] 
  [22/43] AR-022 CLI publish 命令 (L)
12:06:46 [INFO]     ST-0: executing...
12:12:36 [INFO]     ST-0: done in 350.5s - in=156,191 out=18,570 cache_r=495,224 calls=8
12:12:36 [INFO]     ST-1: executing...
12:15:10 [INFO]     ST-1: done in 154.0s - in=73,529 out=6,215 cache_r=561,320 calls=12
12:15:10 [INFO]     ST-2: executing...
12:15:57 [INFO]     ST-2: done in 47.2s - in=37,957 out=1,324 cache_r=36,030 calls=2
12:15:57 [INFO]     ST-3: executing...
12:23:43 [INFO]     ST-3: done in 465.7s - in=111,676 out=3,901 cache_r=572,407 calls=9
12:23:43 [INFO]     ST-4: executing...
12:27:14 [INFO]     ST-4: done in 211.0s - in=66,122 out=7,162 cache_r=989,010 calls=23
12:27:14 [INFO]     ST-5: executing...
12:42:43 [INFO]     ST-5: done in 928.6s - in=457,768 out=28,309 cache_r=1,754,669 calls=21
12:42:43 [INFO]     ST-6: executing...
12:43:27 [INFO]     ST-6: done in 44.4s - in=36,907 out=1,009 cache_r=36,735 calls=2
12:43:27 [INFO]     ST-7: executing...
12:44:44 [INFO]     ST-7: done in 77.3s - in=67,252 out=2,300 cache_r=321,522 calls=7
12:44:44 [INFO]   AR done: 2278.8s, 5141 LOC, 34 files
12:44:44 [INFO] 
  [23/43] AR-023 CLI invoke/status 命令 (M)
12:44:44 [INFO]     ST-0: executing...
12:48:56 [INFO]     ST-0: done in 251.6s - in=107,596 out=10,793 cache_r=437,432 calls=9
12:48:56 [INFO]     ST-1: executing...
12:53:24 [INFO]     ST-1: done in 267.5s - in=50,610 out=10,019 cache_r=609,252 calls=14
12:53:24 [INFO]     ST-2: executing...
13:05:08 [INFO]     ST-2: done in 704.0s - in=81,856 out=14,969 cache_r=432,055 calls=9
13:05:08 [INFO]     ST-3: executing...
13:11:32 [INFO]     ST-3: done in 384.9s - in=172,184 out=1,545 cache_r=170,236 calls=5
13:11:32 [INFO]     ST-4: executing...
13:15:18 [INFO]     ST-4: done in 225.6s - in=118,908 out=9,936 cache_r=682,088 calls=12
13:15:18 [INFO]     ST-5: executing...
13:29:00 [INFO]     ST-5: done in 821.8s - in=559,550 out=30,720 cache_r=2,645,285 calls=27
13:29:00 [INFO]     ST-6: executing...
13:29:26 [INFO]     ST-6: done in 26.7s - in=36,671 out=731 cache_r=36,543 calls=2
13:29:26 [INFO]     ST-7: executing...
13:30:54 [INFO]     ST-7: done in 87.1s - in=40,146 out=2,373 cache_r=309,876 calls=6
13:30:54 [INFO]   AR done: 2769.2s, 7734 LOC, 51 files
13:30:54 [INFO] 
  [24/43] AR-024 DockerService 封装 (M)
13:30:54 [INFO]     ST-0: executing...
13:32:51 [INFO]     ST-0: done in 117.0s - in=112,687 out=4,065 cache_r=270,522 calls=6
13:32:51 [INFO]     ST-1: executing...
13:38:04 [INFO]     ST-1: done in 313.1s - in=78,213 out=10,738 cache_r=908,126 calls=17
13:38:04 [INFO]     ST-2: executing...
13:45:34 [INFO]     ST-2: done in 450.0s - in=395,450 out=14,668 cache_r=418,614 calls=10
13:45:34 [INFO]     ST-3: executing...
13:48:34 [INFO]     ST-3: done in 180.8s - in=346,467 out=2,573 cache_r=268,472 calls=8
13:48:34 [INFO]     ST-4: executing...
13:51:31 [INFO]     ST-4: done in 176.8s - in=51,268 out=4,211 cache_r=742,620 calls=19
13:51:31 [INFO]     ST-5: executing...
14:07:02 [INFO]     ST-5: done in 930.3s - in=662,892 out=20,936 cache_r=1,756,074 calls=24
14:07:02 [INFO]     ST-6: executing...
14:07:38 [INFO]     ST-6: done in 36.5s - in=36,730 out=1,050 cache_r=36,863 calls=2
14:07:38 [INFO]     ST-7: executing...
14:08:44 [INFO]     ST-7: done in 65.5s - in=67,726 out=1,381 cache_r=124,346 calls=4
14:08:44 [INFO]   AR done: 2269.9s, 9291 LOC, 53 files
14:08:44 [INFO] 
  [25/43] AR-025 MetadataService 与数据模型 (M)
14:08:44 [INFO]     ST-0: executing...
14:11:00 [INFO]     ST-0: done in 136.5s - in=103,826 out=4,532 cache_r=249,594 calls=6
14:11:00 [INFO]     ST-1: executing...
14:17:34 [INFO]     ST-1: done in 393.6s - in=91,328 out=10,913 cache_r=1,228,822 calls=21
14:17:34 [INFO]     ST-2: executing...
14:24:40 [INFO]     ST-2: done in 426.4s - in=131,533 out=2,171 cache_r=124,155 calls=5
14:24:40 [INFO]     ST-3: executing...
14:32:28 [INFO]     ST-3: done in 467.9s - in=174,087 out=15,958 cache_r=830,003 calls=13
14:32:28 [INFO]     ST-4: executing...
14:36:28 [INFO]     ST-4: done in 240.4s - in=79,379 out=6,231 cache_r=662,434 calls=15
14:36:28 [INFO]     ST-5: executing...
14:50:55 [INFO]     ST-5: done in 866.5s - in=245,294 out=18,923 cache_r=2,110,631 calls=25
14:50:55 [INFO]     ST-6: executing...
14:51:31 [INFO]     ST-6: done in 35.8s - in=36,904 out=1,055 cache_r=36,735 calls=2
14:51:31 [INFO]     ST-7: executing...
14:56:15 [INFO]     ST-7: done in 284.3s - in=72,717 out=2,212 cache_r=331,182 calls=9
14:56:15 [INFO]   AR done: 2851.6s, 9938 LOC, 56 files
14:56:15 [INFO] 
  [26/43] AR-026 K8s/AgentCube Provider (M)
14:56:15 [INFO]     ST-0: executing...
14:59:17 [INFO]     ST-0: done in 181.6s - in=78,612 out=4,058 cache_r=281,018 calls=6
14:59:17 [INFO]     ST-1: executing...
15:08:25 [INFO]     ST-1: done in 548.0s - in=99,232 out=10,370 cache_r=923,872 calls=16
15:08:25 [INFO]     ST-2: executing...
15:15:03 [INFO]     ST-2: done in 398.1s - in=200,271 out=13,966 cache_r=361,271 calls=9
15:15:03 [INFO]     ST-3: executing...
15:23:17 [INFO]     ST-3: done in 494.5s - in=163,579 out=2,744 cache_r=147,707 calls=5
15:23:17 [INFO]     ST-4: executing...
15:27:00 [INFO]     ST-4: done in 222.5s - in=96,855 out=6,628 cache_r=585,126 calls=14
15:27:00 [INFO]     ST-5: executing...
15:41:49 [INFO]     ST-5: done in 889.4s - in=396,764 out=23,267 cache_r=3,254,749 calls=35
15:41:49 [INFO]     ST-6: executing...
15:42:39 [INFO]     ST-6: done in 49.7s - in=36,570 out=723 cache_r=36,479 calls=2
15:42:39 [INFO]     ST-7: executing...
15:44:24 [INFO]     ST-7: done in 105.5s - in=78,839 out=1,750 cache_r=437,810 calls=8
15:44:24 [INFO]   AR done: 2889.3s, 10975 LOC, 60 files
15:44:24 [INFO] 
  [27/43] AR-027 SDK CodeInterpreterClient (M)
15:44:24 [INFO]     ST-0: executing...
15:49:08 [INFO]     ST-0: done in 283.1s - in=144,249 out=7,330 cache_r=663,284 calls=12
15:49:08 [INFO]     ST-1: executing...
16:09:31 [INFO]     ST-1: done in 1223.3s - in=142,689 out=19,216 cache_r=1,651,278 calls=26
16:09:31 [INFO]     ST-2: executing...
16:21:50 [INFO]     ST-2: done in 738.8s - in=245,095 out=18,259 cache_r=642,740 calls=12
16:21:50 [INFO]     ST-3: executing...
16:28:48 [INFO]     ST-3: done in 418.7s - in=157,266 out=15,506 cache_r=451,319 calls=9
16:28:48 [INFO]     ST-4: executing...
16:33:09 [INFO]     ST-4: done in 261.2s - in=127,674 out=7,015 cache_r=618,028 calls=11
16:33:09 [INFO]     ST-5: executing...
16:53:45 [INFO]     ST-5: done in 1235.4s - in=658,936 out=27,374 cache_r=2,901,218 calls=30
16:53:45 [INFO]     ST-6: executing...
16:54:38 [INFO]     ST-6: done in 52.7s - in=36,761 out=905 cache_r=36,607 calls=2
16:54:38 [INFO]     ST-7: executing...
17:00:30 [INFO]     ST-7: done in 352.4s - in=81,562 out=2,190 cache_r=709,866 calls=11
17:00:30 [INFO]   AR done: 4565.5s, 12706 LOC, 77 files
17:00:30 [INFO] 
  [28/43] AR-028 SDK AgentRuntimeClient (M)
17:00:30 [INFO]     ST-0: executing...
17:03:46 [INFO]     ST-0: done in 196.5s - in=208,485 out=4,285 cache_r=366,584 calls=8
17:03:46 [INFO]     ST-1: executing...
17:14:59 [INFO]     ST-1: done in 672.2s - in=109,164 out=8,482 cache_r=598,120 calls=13
17:14:59 [INFO]     ST-2: executing...
17:22:54 [INFO]     ST-2: done in 475.4s - in=250,567 out=14,206 cache_r=449,718 calls=10
17:22:54 [INFO]     ST-3: executing...
17:30:35 [INFO]     ST-3: done in 460.6s - in=162,914 out=15,674 cache_r=750,260 calls=12
17:30:35 [INFO]     ST-4: executing...
17:34:52 [INFO]     ST-4: done in 257.0s - in=52,685 out=5,672 cache_r=698,090 calls=11
17:34:52 [INFO]     ST-5: executing...
17:42:46 [INFO]     ST-5: done in 474.7s - in=127,380 out=3,024 cache_r=331,065 calls=7
17:42:46 [INFO]     ST-6: executing...
17:44:00 [INFO]     ST-6: done in 73.9s - in=36,918 out=1,189 cache_r=36,863 calls=2
17:44:00 [INFO]     ST-7: executing...
17:48:18 [INFO]     ST-7: done in 257.1s - in=102,064 out=2,986 cache_r=1,323,848 calls=29
17:48:18 [INFO]   AR done: 2867.5s, 12706 LOC, 77 files
17:48:18 [INFO] 
  [29/43] AR-029 SDK HTTP 底层客户端 (M)
17:48:18 [INFO]     ST-0: executing...
17:50:40 [INFO]     ST-0: done in 142.3s - in=142,898 out=4,229 cache_r=324,537 calls=7
17:50:40 [INFO]     ST-1: executing...
17:55:06 [INFO]     ST-1: done in 266.3s - in=38,374 out=8,436 cache_r=723,686 calls=13
17:55:06 [INFO]     ST-2: executing...
18:04:14 [INFO]     ST-2: done in 548.2s - in=308,504 out=17,739 cache_r=881,331 calls=15
18:04:14 [INFO]     ST-3: executing...
18:15:41 [INFO]     ST-3: done in 686.8s - in=181,119 out=14,114 cache_r=674,485 calls=11
18:15:41 [INFO]     ST-4: executing...
18:18:58 [INFO]     ST-4: done in 197.1s - in=82,559 out=6,127 cache_r=739,484 calls=18
18:18:58 [INFO]     ST-5: executing...
18:35:09 [INFO]     ST-5: done in 971.0s - in=427,250 out=25,759 cache_r=6,291,338 calls=54
18:35:09 [INFO]     ST-6: executing...
18:35:50 [INFO]     ST-6: done in 40.4s - in=36,769 out=901 cache_r=36,607 calls=2
18:35:50 [INFO]     ST-7: executing...
18:37:11 [INFO]     ST-7: done in 81.7s - in=62,906 out=1,612 cache_r=429,168 calls=9
18:37:11 [INFO]   AR done: 2933.8s, 13719 LOC, 79 files
18:37:11 [INFO] 
  [30/43] AR-030 Helm Chart 模板与 Values (L)
18:37:11 [INFO]     ST-0: executing...
18:41:47 [INFO]     ST-0: done in 275.6s - in=189,387 out=9,676 cache_r=246,522 calls=6
18:41:47 [INFO]     ST-1: executing...
18:48:15 [INFO]     ST-1: done in 387.9s - in=68,047 out=15,970 cache_r=889,184 calls=16
18:48:15 [INFO]     ST-2: executing...
18:55:46 [INFO]     ST-2: done in 451.1s - in=255,529 out=17,140 cache_r=515,190 calls=10
18:55:46 [INFO]     ST-3: executing...
18:57:10 [INFO]     ST-3: done in 84.5s - in=57,639 out=2,253 cache_r=133,244 calls=4
18:57:10 [INFO]     ST-4: executing...
18:59:40 [INFO]     ST-4: done in 149.5s - in=56,255 out=5,780 cache_r=314,286 calls=9
18:59:40 [INFO]     ST-5: executing...
19:06:51 [INFO]     ST-5: done in 431.5s - in=160,528 out=14,973 cache_r=1,269,546 calls=22
19:06:51 [INFO]     ST-6: executing...
19:07:42 [INFO]     ST-6: done in 50.3s - in=36,737 out=1,275 cache_r=36,991 calls=2
19:07:42 [INFO]     ST-7: executing...
19:09:23 [INFO]     ST-7: done in 100.8s - in=25,327 out=2,407 cache_r=543,786 calls=11
19:09:23 [INFO]   AR done: 1931.2s, 13719 LOC, 79 files
19:09:23 [INFO] 
  [31/43] AR-031 RBAC 配置 (SA/Role/Binding) (M)
19:09:23 [INFO]     ST-0: executing...
19:16:49 [INFO]     ST-0: done in 447.0s - in=194,776 out=14,142 cache_r=820,275 calls=13
19:16:49 [INFO]     ST-1: executing...
19:22:26 [INFO]     ST-1: done in 336.7s - in=45,815 out=14,429 cache_r=408,814 calls=9
19:22:26 [INFO]     ST-2: executing...
19:29:45 [INFO]     ST-2: done in 438.6s - in=367,236 out=12,975 cache_r=757,809 calls=16
19:29:45 [INFO]     ST-3: executing...
19:35:34 [INFO]     ST-3: done in 349.1s - in=105,440 out=12,882 cache_r=362,935 calls=9
19:35:34 [INFO]     ST-4: executing...
19:37:36 [INFO]     ST-4: done in 121.7s - in=54,759 out=2,639 cache_r=556,260 calls=15
19:37:36 [INFO]     ST-5: executing...
19:39:30 [INFO]     ST-5: done in 114.5s - in=24,437 out=2,775 cache_r=370,744 calls=8
19:39:30 [INFO]     ST-6: executing...
19:40:02 [INFO]     ST-6: done in 31.4s - in=33,922 out=956 cache_r=39,550 calls=2
19:40:02 [INFO]     ST-7: executing...
19:41:32 [INFO]     ST-7: done in 90.2s - in=34,140 out=2,410 cache_r=475,628 calls=10
19:41:32 [INFO]   AR done: 1929.1s, 13719 LOC, 79 files
19:41:32 [INFO] 
  [32/43] AR-032 Dockerfile 多阶段构建 (3 images) (S)
19:41:32 [INFO]     ST-0: executing...
19:44:30 [INFO]     ST-0: done in 178.5s - in=109,320 out=6,302 cache_r=263,354 calls=6
19:44:30 [INFO]     ST-1: executing...
19:47:52 [INFO]     ST-1: done in 202.2s - in=49,841 out=7,873 cache_r=565,224 calls=12
19:47:52 [INFO]     ST-2: executing...
20:00:19 [INFO]     ST-2: done in 746.3s - in=328,798 out=8,203 cache_r=723,443 calls=13
20:00:19 [INFO]     ST-3: executing...
20:06:29 [INFO]     ST-3: done in 370.3s - in=273,592 out=12,190 cache_r=574,006 calls=11
20:06:29 [INFO]     ST-4: executing...
20:09:24 [INFO]     ST-4: done in 174.8s - in=62,864 out=6,353 cache_r=242,868 calls=6
20:09:24 [INFO]     ST-5: executing...
20:15:18 [INFO]     ST-5: done in 354.0s - in=248,707 out=10,152 cache_r=786,800 calls=17
20:15:18 [INFO]     ST-6: executing...
20:15:54 [INFO]     ST-6: done in 36.5s - in=36,548 out=755 cache_r=36,543 calls=2
20:15:54 [INFO]     ST-7: executing...
20:17:02 [INFO]     ST-7: done in 68.0s - in=54,821 out=1,680 cache_r=267,060 calls=6
20:17:02 [INFO]   AR done: 2130.5s, 14062 LOC, 80 files
20:17:02 [INFO] 
  [33/43] AR-033 Makefile 构建目标体系 (M)
20:17:02 [INFO]     ST-0: executing...
20:19:34 [INFO]     ST-0: done in 151.7s - in=168,921 out=4,693 cache_r=346,425 calls=7
20:19:34 [INFO]     ST-1: executing...
20:25:14 [INFO]     ST-1: done in 340.2s - in=38,946 out=12,292 cache_r=779,620 calls=14
20:25:14 [INFO]     ST-2: executing...
20:31:21 [INFO]     ST-2: done in 366.7s - in=212,207 out=11,621 cache_r=548,087 calls=9
20:31:21 [INFO]     ST-3: executing...
20:38:19 [INFO]     ST-3: done in 417.7s - in=217,630 out=2,316 cache_r=165,818 calls=6
20:38:19 [INFO]     ST-4: executing...
20:41:03 [INFO]     ST-4: done in 164.5s - in=66,088 out=6,586 cache_r=245,302 calls=6
20:41:03 [INFO]     ST-5: executing...
20:47:09 [INFO]     ST-5: done in 366.1s - in=244,649 out=10,528 cache_r=1,399,341 calls=21
20:47:09 [INFO]     ST-6: executing...
20:47:54 [INFO]     ST-6: done in 44.9s - in=74,645 out=1,107 cache_r=36,607 calls=3
20:47:54 [INFO]     ST-7: executing...
20:49:08 [INFO]     ST-7: done in 73.9s - in=64,875 out=2,015 cache_r=131,386 calls=4
20:49:08 [INFO]   AR done: 1925.8s, 14062 LOC, 80 files
20:49:08 [INFO] 
  [34/43] AR-034 CI/CD GitHub Actions (12 workflows) (L)
20:49:08 [INFO]     ST-0: executing...
20:51:08 [INFO]     ST-0: done in 120.3s - in=108,585 out=3,611 cache_r=330,362 calls=7
20:51:08 [INFO]     ST-1: executing...
20:57:23 [INFO]     ST-1: done in 374.4s - in=66,367 out=14,678 cache_r=1,107,224 calls=20
20:57:23 [INFO]     ST-2: executing...
21:04:51 [INFO]     ST-2: done in 448.0s - in=297,916 out=13,173 cache_r=1,135,982 calls=18
21:04:51 [INFO]     ST-3: executing...
21:12:16 [INFO]     ST-3: done in 445.8s - in=206,706 out=15,344 cache_r=903,795 calls=13
21:12:16 [INFO]     ST-4: executing...
21:14:52 [INFO]     ST-4: done in 155.6s - in=55,514 out=5,043 cache_r=327,856 calls=9
21:14:52 [INFO]     ST-5: executing...
21:23:17 [INFO]     ST-5: done in 505.1s - in=113,185 out=12,606 cache_r=669,301 calls=12
21:23:17 [INFO]     ST-6: executing...
21:23:52 [INFO]     ST-6: done in 34.4s - in=36,610 out=1,047 cache_r=36,735 calls=2
21:23:52 [INFO]     ST-7: executing...
21:24:54 [INFO]     ST-7: done in 62.8s - in=51,175 out=1,668 cache_r=123,640 calls=4
21:24:54 [INFO]   AR done: 2146.3s, 14062 LOC, 80 files
21:24:54 [INFO] 
  [35/43] AR-035 client-go 类型客户端生成 (L)
21:24:54 [INFO]     ST-0: executing...
21:27:39 [INFO]     ST-0: done in 165.0s - in=83,072 out=4,128 cache_r=378,233 calls=7
21:27:39 [INFO]     ST-1: executing...
21:31:31 [INFO]     ST-1: done in 232.0s - in=82,528 out=7,487 cache_r=973,980 calls=18
21:31:31 [INFO]     ST-2: executing...
21:39:28 [INFO]     ST-2: done in 476.9s - in=270,135 out=16,763 cache_r=525,431 calls=10
21:39:28 [INFO]     ST-3: executing...
21:47:02 [INFO]     ST-3: done in 453.5s - in=205,786 out=13,712 cache_r=1,343,599 calls=17
21:47:02 [INFO]     ST-4: executing...
21:49:54 [INFO]     ST-4: done in 171.7s - in=110,189 out=6,109 cache_r=222,836 calls=6
21:49:54 [INFO]     ST-5: executing...
22:19:54 [WARNING]     attempt 1/3 timed out, retrying in 30s (timeout 1800s -> 3600s)
22:43:27 [INFO]     ST-5: done in 3213.2s - in=667,712 out=14,112 cache_r=3,418,528 calls=32
22:43:27 [INFO]     ST-6: executing...
22:45:59 [INFO]     ST-6: done in 152.0s - in=229,703 out=6,883 cache_r=900,851 calls=16
22:45:59 [INFO]     ST-7: executing...
22:48:48 [INFO]     ST-7: done in 169.7s - in=74,905 out=3,862 cache_r=1,321,238 calls=21
22:48:48 [INFO]   AR done: 5034.1s, 18821 LOC, 111 files
22:48:48 [INFO] 
  [36/43] AR-036 Dify 插件集成 (M)
22:48:48 [INFO]     ST-0: executing...
22:50:53 [INFO]     ST-0: done in 124.8s - in=118,612 out=3,872 cache_r=419,961 calls=8
22:50:53 [INFO]     ST-1: executing...
22:54:14 [INFO]     ST-1: done in 200.5s - in=57,157 out=6,770 cache_r=682,084 calls=14
22:54:14 [INFO]     ST-2: executing...
23:01:00 [INFO]     ST-2: done in 406.1s - in=312,090 out=14,207 cache_r=391,415 calls=9
23:01:00 [INFO]     ST-3: executing...
23:08:34 [INFO]     ST-3: done in 454.2s - in=296,510 out=16,963 cache_r=464,312 calls=10
23:08:34 [INFO]     ST-4: executing...
23:11:22 [INFO]     ST-4: done in 168.3s - in=121,798 out=5,171 cache_r=378,416 calls=8
23:11:22 [INFO]     ST-5: executing...
23:26:33 [INFO]     ST-5: done in 910.8s - in=390,932 out=34,430 cache_r=2,213,221 calls=27
23:26:33 [INFO]     ST-6: executing...
23:27:00 [INFO]     ST-6: done in 26.6s - in=36,592 out=725 cache_r=36,479 calls=2
23:27:00 [INFO]     ST-7: executing...
23:27:48 [INFO]     ST-7: done in 47.8s - in=43,671 out=1,325 cache_r=169,784 calls=4
23:27:48 [INFO]   AR done: 2339.1s, 15067 LOC, 88 files
23:27:48 [INFO] 
  [37/43] AR-037 PCAP 分析器示例应用 (M)
23:27:48 [INFO]     ST-0: executing...
23:30:07 [INFO]     ST-0: done in 139.2s - in=122,516 out=4,577 cache_r=503,096 calls=9
23:30:07 [INFO]     ST-1: executing...
23:33:19 [INFO]     ST-1: done in 191.9s - in=75,859 out=5,560 cache_r=1,067,928 calls=20
23:33:19 [INFO]     ST-2: executing...
23:39:21 [INFO]     ST-2: done in 362.5s - in=241,191 out=12,677 cache_r=547,575 calls=10
23:39:21 [INFO]     ST-3: executing...
23:45:58 [INFO]     ST-3: done in 397.0s - in=186,502 out=17,192 cache_r=384,440 calls=8
23:45:58 [INFO]     ST-4: executing...
23:47:23 [INFO]     ST-4: done in 84.7s - in=25,185 out=3,110 cache_r=363,118 calls=9
23:47:23 [INFO]     ST-5: executing...
23:59:12 [INFO]     ST-5: done in 709.3s - in=231,138 out=14,634 cache_r=1,226,607 calls=19
23:59:12 [INFO]     ST-6: executing...
23:59:43 [INFO]     ST-6: done in 30.4s - in=33,540 out=725 cache_r=40,062 calls=2
23:59:43 [INFO]     ST-7: executing...
00:01:38 [INFO]     ST-7: done in 115.6s - in=115,356 out=2,342 cache_r=616,422 calls=13
00:01:38 [INFO]   AR done: 2030.5s, 16255 LOC, 96 files
00:01:38 [INFO] 
  [38/43] AR-038 Go 单元测试 (workloadmanager) (L)
00:01:38 [INFO]     ST-0: executing...
00:04:53 [INFO]     ST-0: done in 195.3s - in=352,420 out=5,143 cache_r=71,039 calls=7
00:04:53 [INFO]     ST-1: executing...
00:08:30 [INFO]     ST-1: done in 216.7s - in=81,093 out=7,732 cache_r=1,012,892 calls=18
00:08:30 [INFO]     ST-2: executing...
00:15:44 [INFO]     ST-2: done in 434.4s - in=128,630 out=2,849 cache_r=351,224 calls=8
00:15:44 [INFO]     ST-3: executing...
00:22:40 [INFO]     ST-3: done in 415.5s - in=108,044 out=2,642 cache_r=194,938 calls=6
00:22:40 [INFO]     ST-4: executing...
00:25:23 [INFO]     ST-4: done in 162.9s - in=30,673 out=6,823 cache_r=588,200 calls=12
00:25:23 [INFO]     ST-5: executing...
00:31:13 [INFO]     ST-5: done in 350.1s - in=277,454 out=5,962 cache_r=391,736 calls=9
00:31:13 [INFO]     ST-6: executing...
00:31:49 [INFO]     ST-6: done in 36.2s - in=7,021 out=1,055 cache_r=66,302 calls=2
00:31:49 [INFO]     ST-7: executing...
00:33:00 [INFO]     ST-7: done in 71.3s - in=8,856 out=2,134 cache_r=234,420 calls=6
00:33:00 [INFO]   AR done: 1882.2s, 18821 LOC, 111 files
00:33:00 [INFO] 
  [39/43] AR-039 Go 单元测试 (router/store/picod) (L)
00:33:00 [INFO]     ST-0: executing...
00:36:38 [INFO]     ST-0: done in 217.3s - in=175,128 out=6,554 cache_r=688,755 calls=13
00:36:38 [INFO]     ST-1: executing...
00:39:48 [INFO]     ST-1: done in 190.7s - in=50,744 out=7,528 cache_r=854,620 calls=18
00:39:48 [INFO]     ST-2: executing...
00:47:39 [INFO]     ST-2: done in 470.5s - in=342,045 out=18,350 cache_r=1,191,475 calls=14
00:47:39 [INFO]     ST-3: executing...
00:54:01 [INFO]     ST-3: done in 382.2s - in=306,970 out=13,308 cache_r=653,366 calls=10
00:54:01 [INFO]     ST-4: executing...
00:56:51 [INFO]     ST-4: done in 170.3s - in=16,799 out=6,282 cache_r=546,020 calls=14
00:56:51 [INFO]     ST-5: executing...
01:04:38 [INFO]     ST-5: done in 466.9s - in=337,915 out=13,830 cache_r=1,985,645 calls=20
01:04:38 [INFO]     ST-6: executing...
01:05:27 [INFO]     ST-6: done in 48.3s - in=36,952 out=1,078 cache_r=36,799 calls=2
01:05:27 [INFO]     ST-7: executing...
01:06:48 [INFO]     ST-7: done in 81.4s - in=42,300 out=2,100 cache_r=469,294 calls=9
01:06:48 [INFO]   AR done: 2027.6s, 19729 LOC, 113 files
01:06:48 [INFO] 
  [40/43] AR-040 Python SDK/CLI 测试 (M)
01:06:48 [INFO]     ST-0: executing...
01:11:19 [INFO]     ST-0: done in 270.9s - in=84,559 out=6,230 cache_r=401,338 calls=7
01:11:19 [INFO]     ST-1: executing...
01:15:47 [INFO]     ST-1: done in 268.4s - in=59,742 out=12,233 cache_r=995,096 calls=20
01:15:47 [INFO]     ST-2: executing...
01:25:59 [INFO]     ST-2: done in 611.3s - in=305,526 out=25,628 cache_r=1,243,888 calls=16
01:25:59 [INFO]     ST-3: executing...
01:28:40 [INFO]     ST-3: done in 161.5s - in=93,462 out=3,084 cache_r=248,634 calls=8
01:28:40 [INFO]     ST-4: executing...
01:31:59 [INFO]     ST-4: done in 198.7s - in=40,553 out=8,062 cache_r=551,340 calls=10
01:31:59 [INFO]     ST-5: executing...
01:40:38 [INFO]     ST-5: done in 518.9s - in=190,588 out=5,977 cache_r=785,460 calls=14
01:40:38 [INFO]     ST-6: executing...
01:45:34 [INFO]     ST-6: done in 296.2s - in=171,206 out=8,605 cache_r=1,569,768 calls=24
01:45:34 [INFO]     ST-7: executing...
01:46:27 [INFO]     ST-7: done in 53.5s - in=39,394 out=1,758 cache_r=346,546 calls=7
01:46:27 [INFO]   AR done: 2379.5s, 16360 LOC, 97 files
01:46:27 [INFO] 
  [41/43] AR-041 E2E 集成测试 (L)
01:46:27 [INFO]     ST-0: executing...
01:50:44 [INFO]     ST-0: done in 257.1s - in=211,900 out=6,923 cache_r=399,097 calls=9
01:50:44 [INFO]     ST-1: executing...
01:55:41 [INFO]     ST-1: done in 296.2s - in=46,647 out=7,028 cache_r=798,558 calls=17
01:55:41 [INFO]     ST-2: executing...
02:04:20 [INFO]     ST-2: done in 519.5s - in=391,224 out=13,674 cache_r=1,287,858 calls=16
02:04:20 [INFO]     ST-3: executing...
02:11:02 [INFO]     ST-3: done in 402.1s - in=76,326 out=2,232 cache_r=148,413 calls=4
02:11:02 [INFO]     ST-4: executing...
02:15:15 [INFO]     ST-4: done in 252.2s - in=61,783 out=10,772 cache_r=822,110 calls=18
02:15:15 [INFO]     ST-5: executing...
02:45:15 [WARNING]     attempt 1/3 timed out, retrying in 30s (timeout 1800s -> 3600s)
03:11:42 [INFO]     ST-5: done in 3387.7s - in=404,577 out=28,287 cache_r=11,478,883 calls=94
03:11:42 [INFO]     ST-6: executing...
03:12:08 [INFO]     ST-6: done in 25.8s - in=33,754 out=846 cache_r=39,422 calls=2
03:12:08 [INFO]     ST-7: executing...
03:13:30 [INFO]     ST-7: done in 81.9s - in=63,933 out=2,371 cache_r=453,164 calls=11
03:13:30 [INFO]   AR done: 5222.6s, 22934 LOC, 126 files
03:13:30 [INFO] 
  [42/43] AR-042 Docusaurus 文档站框架 (M)
03:13:30 [INFO]     ST-0: executing...
03:17:32 [INFO]     ST-0: done in 241.8s - in=69,327 out=10,800 cache_r=515,190 calls=10
03:17:32 [INFO]     ST-1: executing...
03:22:11 [INFO]     ST-1: done in 279.3s - in=56,206 out=14,810 cache_r=654,820 calls=14
03:22:11 [INFO]     ST-2: executing...
03:26:01 [INFO]     ST-2: done in 229.5s - in=156,447 out=6,531 cache_r=1,189,872 calls=16
03:26:01 [INFO]     ST-3: executing...
03:26:48 [INFO]     ST-3: done in 47.0s - in=1,919 out=1,239 cache_r=71,742 calls=2
03:26:48 [INFO]     ST-4: executing...
03:30:25 [INFO]     ST-4: done in 217.5s - in=33,442 out=4,925 cache_r=321,458 calls=7
03:30:25 [INFO]     ST-5: executing...
03:49:12 [INFO]     ST-5: done in 1127.0s - in=279,840 out=17,525 cache_r=4,456,335 calls=49
03:49:12 [INFO]     ST-6: executing...
03:49:44 [INFO]     ST-6: done in 31.7s - in=34,077 out=905 cache_r=39,422 calls=2
03:49:44 [INFO]     ST-7: executing...
03:50:56 [INFO]     ST-7: done in 72.5s - in=44,613 out=2,259 cache_r=470,888 calls=12
03:50:56 [INFO]   AR done: 2246.2s, 16360 LOC, 97 files
03:50:56 [INFO] 
  [43/43] AR-043 架构设计文档与 API 文档 (M)
03:50:56 [INFO]     ST-0: executing...
03:54:30 [INFO]     ST-0: done in 213.5s - in=66,303 out=7,084 cache_r=401,976 calls=8
03:54:30 [INFO]     ST-1: executing...
03:57:43 [INFO]     ST-1: done in 193.5s - in=97,979 out=8,099 cache_r=1,162,714 calls=19
03:57:43 [INFO]     ST-2: executing...
04:08:48 [INFO]     ST-2: done in 664.8s - in=73,024 out=4,388 cache_r=368,056 calls=8
04:08:48 [INFO]     ST-3: executing...
04:20:12 [INFO]     ST-3: done in 683.8s - in=183,416 out=28,355 cache_r=1,174,001 calls=15
04:20:12 [INFO]     ST-4: executing...
04:22:25 [INFO]     ST-4: done in 133.2s - in=61,249 out=6,697 cache_r=290,100 calls=7
04:22:25 [INFO]     ST-5: executing...
04:45:21 [INFO]     ST-5: done in 1376.0s - in=385,709 out=45,409 cache_r=4,437,916 calls=38
04:45:21 [INFO]     ST-6: executing...
04:46:03 [INFO]     ST-6: done in 42.2s - in=36,714 out=983 cache_r=36,735 calls=2
04:46:03 [INFO]     ST-7: executing...
04:47:38 [INFO]     ST-7: done in 94.3s - in=103,375 out=3,117 cache_r=363,440 calls=9
04:47:38 [INFO]   AR done: 3401.3s, 16360 LOC, 97 files
04:47:38 [INFO] 
======================================================================
04:47:38 [INFO] Config mixed complete: 混合搭配 (glm-5规划/实现 + MiniMax搜索/文档 + glm-4.7审查/验证)
04:47:38 [INFO]   Duration: 1846.5m
04:47:38 [INFO]   Total tokens: 46,932,658
04:47:38 [INFO]   Total cost:   $31.6008
04:47:38 [INFO]   Total LOC:    474,225
04:47:38 [INFO]   Saved → /home/dsj/benchmark/results/6.0/omo_mixed_20260413T140107Z_full.json
04:47:38 [INFO] ======================================================================
